This is pdfTeX, Version 3.1415926-2.3-1.40.12 (MiKTeX 2.9) (preloaded format=pdflatex 2021.9.14)  2 NOV 2021 16:51
entering extended mode
**a3.tex
(E:\UofW\3A\cs240\assignments\a3\a3.tex
LaTeX2e <2011/06/27>
Babel <v3.8m> and hyphenation patterns for loaded.
(C:\CTEX\MiKTeX\tex\latex\base\article.cls
Document Class: article 2007/10/19 v1.4h Standard LaTeX document class
(C:\CTEX\MiKTeX\tex\latex\base\size12.clo
File: size12.clo 2007/10/19 v1.4h Standard LaTeX file (size option)
)
\c@part=\count79
\c@section=\count80
\c@subsection=\count81
\c@subsubsection=\count82
\c@paragraph=\count83
\c@subparagraph=\count84
\c@figure=\count85
\c@table=\count86
\abovecaptionskip=\skip41
\belowcaptionskip=\skip42
\bibindent=\dimen102
)
(C:\CTEX\MiKTeX\tex\latex\preprint\fullpage.sty
Package: fullpage 1999/02/23 1.1 (PWD)
\FP@margin=\skip43
)
(C:\CTEX\MiKTeX\tex\latex\ltxmisc\url.sty
\Urlmuskip=\muskip10
Package: url 2006/04/12  ver 3.3  Verb mode for urls, etc.
)
(C:\CTEX\MiKTeX\tex\latex\amsfonts\amssymb.sty
Package: amssymb 2009/06/22 v3.00

(C:\CTEX\MiKTeX\tex\latex\amsfonts\amsfonts.sty
Package: amsfonts 2009/06/22 v3.00 Basic AMSFonts support
\@emptytoks=\toks14
\symAMSa=\mathgroup4
\symAMSb=\mathgroup5
LaTeX Font Info:    Overwriting math alphabet `\mathfrak' in version `bold'
(Font)                  U/euf/m/n --> U/euf/b/n on input line 96.
))
(C:\CTEX\MiKTeX\tex\latex\graphics\epsfig.sty
Package: epsfig 1999/02/16 v1.7a (e)psfig emulation (SPQR)

(C:\CTEX\MiKTeX\tex\latex\graphics\graphicx.sty
Package: graphicx 1999/02/16 v1.0f Enhanced LaTeX Graphics (DPC,SPQR)

(C:\CTEX\MiKTeX\tex\latex\graphics\keyval.sty
Package: keyval 1999/03/16 v1.13 key=value parser (DPC)
\KV@toks@=\toks15
)
(C:\CTEX\MiKTeX\tex\latex\graphics\graphics.sty
Package: graphics 2009/02/05 v1.0o Standard LaTeX Graphics (DPC,SPQR)

(C:\CTEX\MiKTeX\tex\latex\graphics\trig.sty
Package: trig 1999/03/16 v1.09 sin cos tan (DPC)
)
(C:\CTEX\MiKTeX\tex\latex\00miktex\graphics.cfg
File: graphics.cfg 2007/01/18 v1.5 graphics configuration of teTeX/TeXLive
)
Package graphics Info: Driver file: pdftex.def on input line 91.

(C:\CTEX\MiKTeX\tex\latex\pdftex-def\pdftex.def
File: pdftex.def 2011/05/27 v0.06d Graphics/color for pdfTeX

(C:\CTEX\MiKTeX\tex\generic\oberdiek\infwarerr.sty
Package: infwarerr 2010/04/08 v1.3 Providing info/warning/message (HO)
)
(C:\CTEX\MiKTeX\tex\generic\oberdiek\ltxcmds.sty
Package: ltxcmds 2011/04/18 v1.20 LaTeX kernel commands for general use (HO)
)
\Gread@gobject=\count87
))
\Gin@req@height=\dimen103
\Gin@req@width=\dimen104
)
\epsfxsize=\dimen105
\epsfysize=\dimen106
)
(C:\CTEX\MiKTeX\tex\latex\graphics\color.sty
Package: color 2005/11/14 v1.0j Standard LaTeX Color (DPC)

(C:\CTEX\MiKTeX\tex\latex\00miktex\color.cfg
File: color.cfg 2007/01/18 v1.5 color configuration of teTeX/TeXLive
)
Package color Info: Driver file: pdftex.def on input line 130.
)
(C:\CTEX\MiKTeX\tex\latex\tools\xspace.sty
Package: xspace 2009/10/20 v1.13 Space after command names (DPC,MH)
)
(C:\CTEX\MiKTeX\tex\latex\pgf\frontendlayer\tikz.sty
(C:\CTEX\MiKTeX\tex\latex\pgf\basiclayer\pgf.sty
(C:\CTEX\MiKTeX\tex\latex\pgf\utilities\pgfrcs.sty
(C:\CTEX\MiKTeX\tex\generic\pgf\utilities\pgfutil-common.tex
\pgfutil@everybye=\toks16
)
(C:\CTEX\MiKTeX\tex\generic\pgf\utilities\pgfutil-latex.def
\pgfutil@abb=\box26

(C:\CTEX\MiKTeX\tex\latex\ms\everyshi.sty
Package: everyshi 2001/05/15 v3.00 EveryShipout Package (MS)
))
(C:\CTEX\MiKTeX\tex\generic\pgf\utilities\pgfrcs.code.tex
Package: pgfrcs 2010/10/25 v2.10 (rcs-revision 1.24)
))
Package: pgf 2008/01/15 v2.10 (rcs-revision 1.12)

(C:\CTEX\MiKTeX\tex\latex\pgf\basiclayer\pgfcore.sty
(C:\CTEX\MiKTeX\tex\latex\pgf\systemlayer\pgfsys.sty
(C:\CTEX\MiKTeX\tex\generic\pgf\systemlayer\pgfsys.code.tex
Package: pgfsys 2010/06/30 v2.10 (rcs-revision 1.37)

(C:\CTEX\MiKTeX\tex\generic\pgf\utilities\pgfkeys.code.tex
\pgfkeys@pathtoks=\toks17
\pgfkeys@temptoks=\toks18

(C:\CTEX\MiKTeX\tex\generic\pgf\utilities\pgfkeysfiltered.code.tex
\pgfkeys@tmptoks=\toks19
))
\pgf@x=\dimen107
\pgf@y=\dimen108
\pgf@xa=\dimen109
\pgf@ya=\dimen110
\pgf@xb=\dimen111
\pgf@yb=\dimen112
\pgf@xc=\dimen113
\pgf@yc=\dimen114
\w@pgf@writea=\write3
\r@pgf@reada=\read1
\c@pgf@counta=\count88
\c@pgf@countb=\count89
\c@pgf@countc=\count90
\c@pgf@countd=\count91

(C:\CTEX\MiKTeX\tex\generic\pgf\systemlayer\pgf.cfg
File: pgf.cfg 2008/05/14  (rcs-revision 1.7)
)
Package pgfsys Info: Driver file for pgf: pgfsys-pdftex.def on input line 900.

(C:\CTEX\MiKTeX\tex\generic\pgf\systemlayer\pgfsys-pdftex.def
File: pgfsys-pdftex.def 2009/05/22  (rcs-revision 1.26)

(C:\CTEX\MiKTeX\tex\generic\pgf\systemlayer\pgfsys-common-pdf.def
File: pgfsys-common-pdf.def 2008/05/19  (rcs-revision 1.10)
)))
(C:\CTEX\MiKTeX\tex\generic\pgf\systemlayer\pgfsyssoftpath.code.tex
File: pgfsyssoftpath.code.tex 2008/07/18  (rcs-revision 1.7)
\pgfsyssoftpath@smallbuffer@items=\count92
\pgfsyssoftpath@bigbuffer@items=\count93
)
(C:\CTEX\MiKTeX\tex\generic\pgf\systemlayer\pgfsysprotocol.code.tex
File: pgfsysprotocol.code.tex 2006/10/16  (rcs-revision 1.4)
))
(C:\CTEX\MiKTeX\tex\latex\xcolor\xcolor.sty
Package: xcolor 2007/01/21 v2.11 LaTeX color extensions (UK)

(C:\CTEX\MiKTeX\tex\latex\00miktex\color.cfg
File: color.cfg 2007/01/18 v1.5 color configuration of teTeX/TeXLive
)
Package xcolor Info: Driver file: pdftex.def on input line 225.
LaTeX Info: Redefining \color on input line 702.
Package xcolor Info: Model `cmy' substituted by `cmy0' on input line 1337.
Package xcolor Info: Model `hsb' substituted by `rgb' on input line 1341.
Package xcolor Info: Model `RGB' extended on input line 1353.
Package xcolor Info: Model `HTML' substituted by `rgb' on input line 1355.
Package xcolor Info: Model `Hsb' substituted by `hsb' on input line 1356.
Package xcolor Info: Model `tHsb' substituted by `hsb' on input line 1357.
Package xcolor Info: Model `HSB' substituted by `hsb' on input line 1358.
Package xcolor Info: Model `Gray' substituted by `gray' on input line 1359.
Package xcolor Info: Model `wave' substituted by `hsb' on input line 1360.
)
(C:\CTEX\MiKTeX\tex\generic\pgf\basiclayer\pgfcore.code.tex
Package: pgfcore 2010/04/11 v2.10 (rcs-revision 1.7)

(C:\CTEX\MiKTeX\tex\generic\pgf\math\pgfmath.code.tex
(C:\CTEX\MiKTeX\tex\generic\pgf\math\pgfmathcalc.code.tex
(C:\CTEX\MiKTeX\tex\generic\pgf\math\pgfmathutil.code.tex)
(C:\CTEX\MiKTeX\tex\generic\pgf\math\pgfmathparser.code.tex
\pgfmath@dimen=\dimen115
\pgfmath@count=\count94
\pgfmath@box=\box27
\pgfmath@toks=\toks20
\pgfmath@stack@operand=\toks21
\pgfmath@stack@operation=\toks22
)
(C:\CTEX\MiKTeX\tex\generic\pgf\math\pgfmathfunctions.code.tex
(C:\CTEX\MiKTeX\tex\generic\pgf\math\pgfmathfunctions.basic.code.tex)
(C:\CTEX\MiKTeX\tex\generic\pgf\math\pgfmathfunctions.trigonometric.code.tex)
(C:\CTEX\MiKTeX\tex\generic\pgf\math\pgfmathfunctions.random.code.tex)
(C:\CTEX\MiKTeX\tex\generic\pgf\math\pgfmathfunctions.comparison.code.tex)
(C:\CTEX\MiKTeX\tex\generic\pgf\math\pgfmathfunctions.base.code.tex)
(C:\CTEX\MiKTeX\tex\generic\pgf\math\pgfmathfunctions.round.code.tex)
(C:\CTEX\MiKTeX\tex\generic\pgf\math\pgfmathfunctions.misc.code.tex)))
(C:\CTEX\MiKTeX\tex\generic\pgf\math\pgfmathfloat.code.tex
\c@pgfmathroundto@lastzeros=\count95
))
(C:\CTEX\MiKTeX\tex\generic\pgf\basiclayer\pgfcorepoints.code.tex
File: pgfcorepoints.code.tex 2010/04/09  (rcs-revision 1.20)
\pgf@picminx=\dimen116
\pgf@picmaxx=\dimen117
\pgf@picminy=\dimen118
\pgf@picmaxy=\dimen119
\pgf@pathminx=\dimen120
\pgf@pathmaxx=\dimen121
\pgf@pathminy=\dimen122
\pgf@pathmaxy=\dimen123
\pgf@xx=\dimen124
\pgf@xy=\dimen125
\pgf@yx=\dimen126
\pgf@yy=\dimen127
\pgf@zx=\dimen128
\pgf@zy=\dimen129
)
(C:\CTEX\MiKTeX\tex\generic\pgf\basiclayer\pgfcorepathconstruct.code.tex
File: pgfcorepathconstruct.code.tex 2010/08/03  (rcs-revision 1.24)
\pgf@path@lastx=\dimen130
\pgf@path@lasty=\dimen131
)
(C:\CTEX\MiKTeX\tex\generic\pgf\basiclayer\pgfcorepathusage.code.tex
File: pgfcorepathusage.code.tex 2008/04/22  (rcs-revision 1.12)
\pgf@shorten@end@additional=\dimen132
\pgf@shorten@start@additional=\dimen133
)
(C:\CTEX\MiKTeX\tex\generic\pgf\basiclayer\pgfcorescopes.code.tex
File: pgfcorescopes.code.tex 2010/09/08  (rcs-revision 1.34)
\pgfpic=\box28
\pgf@hbox=\box29
\pgf@layerbox@main=\box30
\pgf@picture@serial@count=\count96
)
(C:\CTEX\MiKTeX\tex\generic\pgf\basiclayer\pgfcoregraphicstate.code.tex
File: pgfcoregraphicstate.code.tex 2008/04/22  (rcs-revision 1.9)
\pgflinewidth=\dimen134
)
(C:\CTEX\MiKTeX\tex\generic\pgf\basiclayer\pgfcoretransformations.code.tex
File: pgfcoretransformations.code.tex 2009/06/10  (rcs-revision 1.11)
\pgf@pt@x=\dimen135
\pgf@pt@y=\dimen136
\pgf@pt@temp=\dimen137
)
(C:\CTEX\MiKTeX\tex\generic\pgf\basiclayer\pgfcorequick.code.tex
File: pgfcorequick.code.tex 2008/10/09  (rcs-revision 1.3)
)
(C:\CTEX\MiKTeX\tex\generic\pgf\basiclayer\pgfcoreobjects.code.tex
File: pgfcoreobjects.code.tex 2006/10/11  (rcs-revision 1.2)
)
(C:\CTEX\MiKTeX\tex\generic\pgf\basiclayer\pgfcorepathprocessing.code.tex
File: pgfcorepathprocessing.code.tex 2008/10/09  (rcs-revision 1.8)
)
(C:\CTEX\MiKTeX\tex\generic\pgf\basiclayer\pgfcorearrows.code.tex
File: pgfcorearrows.code.tex 2008/04/23  (rcs-revision 1.11)
)
(C:\CTEX\MiKTeX\tex\generic\pgf\basiclayer\pgfcoreshade.code.tex
File: pgfcoreshade.code.tex 2008/11/23  (rcs-revision 1.13)
\pgf@max=\dimen138
\pgf@sys@shading@range@num=\count97
)
(C:\CTEX\MiKTeX\tex\generic\pgf\basiclayer\pgfcoreimage.code.tex
File: pgfcoreimage.code.tex 2010/03/25  (rcs-revision 1.16)

(C:\CTEX\MiKTeX\tex\generic\pgf\basiclayer\pgfcoreexternal.code.tex
File: pgfcoreexternal.code.tex 2010/09/01  (rcs-revision 1.17)
\pgfexternal@startupbox=\box31
))
(C:\CTEX\MiKTeX\tex\generic\pgf\basiclayer\pgfcorelayers.code.tex
File: pgfcorelayers.code.tex 2010/08/27  (rcs-revision 1.2)
)
(C:\CTEX\MiKTeX\tex\generic\pgf\basiclayer\pgfcoretransparency.code.tex
File: pgfcoretransparency.code.tex 2008/01/17  (rcs-revision 1.2)
)
(C:\CTEX\MiKTeX\tex\generic\pgf\basiclayer\pgfcorepatterns.code.tex
File: pgfcorepatterns.code.tex 2009/07/02  (rcs-revision 1.3)
)))
(C:\CTEX\MiKTeX\tex\generic\pgf\modules\pgfmoduleshapes.code.tex
File: pgfmoduleshapes.code.tex 2010/09/09  (rcs-revision 1.13)
\pgfnodeparttextbox=\box32
)
(C:\CTEX\MiKTeX\tex\generic\pgf\modules\pgfmoduleplot.code.tex
File: pgfmoduleplot.code.tex 2010/10/22  (rcs-revision 1.8)
)
(C:\CTEX\MiKTeX\tex\latex\pgf\compatibility\pgfcomp-version-0-65.sty
Package: pgfcomp-version-0-65 2007/07/03 v2.10 (rcs-revision 1.7)
\pgf@nodesepstart=\dimen139
\pgf@nodesepend=\dimen140
)
(C:\CTEX\MiKTeX\tex\latex\pgf\compatibility\pgfcomp-version-1-18.sty
Package: pgfcomp-version-1-18 2007/07/23 v2.10 (rcs-revision 1.1)
))
(C:\CTEX\MiKTeX\tex\latex\pgf\utilities\pgffor.sty
(C:\CTEX\MiKTeX\tex\latex\pgf\utilities\pgfkeys.sty
(C:\CTEX\MiKTeX\tex\generic\pgf\utilities\pgfkeys.code.tex))
(C:\CTEX\MiKTeX\tex\generic\pgf\utilities\pgffor.code.tex
Package: pgffor 2010/03/23 v2.10 (rcs-revision 1.18)
\pgffor@iter=\dimen141
\pgffor@skip=\dimen142
\pgffor@stack=\toks23
\pgffor@toks=\toks24
))
(C:\CTEX\MiKTeX\tex\generic\pgf\frontendlayer\tikz\tikz.code.tex
Package: tikz 2010/10/13 v2.10 (rcs-revision 1.76)

(C:\CTEX\MiKTeX\tex\generic\pgf\libraries\pgflibraryplothandlers.code.tex
File: pgflibraryplothandlers.code.tex 2010/05/31 v2.10 (rcs-revision 1.15)
\pgf@plot@mark@count=\count98
\pgfplotmarksize=\dimen143
)
\tikz@lastx=\dimen144
\tikz@lasty=\dimen145
\tikz@lastxsaved=\dimen146
\tikz@lastysaved=\dimen147
\tikzleveldistance=\dimen148
\tikzsiblingdistance=\dimen149
\tikz@figbox=\box33
\tikz@tempbox=\box34
\tikztreelevel=\count99
\tikznumberofchildren=\count100
\tikznumberofcurrentchild=\count101
\tikz@fig@count=\count102

(C:\CTEX\MiKTeX\tex\generic\pgf\modules\pgfmodulematrix.code.tex
File: pgfmodulematrix.code.tex 2010/08/24  (rcs-revision 1.4)
\pgfmatrixcurrentrow=\count103
\pgfmatrixcurrentcolumn=\count104
\pgf@matrix@numberofcolumns=\count105
)
\tikz@expandcount=\count106

(C:\CTEX\MiKTeX\tex\generic\pgf\frontendlayer\tikz\libraries\tikzlibrarytopaths
.code.tex
File: tikzlibrarytopaths.code.tex 2008/06/17 v2.10 (rcs-revision 1.2)
))) (C:\CTEX\MiKTeX\tex\latex\ams\math\amsmath.sty
Package: amsmath 2000/07/18 v2.13 AMS math features
\@mathmargin=\skip44

For additional information on amsmath, use the `?' option.
(C:\CTEX\MiKTeX\tex\latex\ams\math\amstext.sty
Package: amstext 2000/06/29 v2.01

(C:\CTEX\MiKTeX\tex\latex\ams\math\amsgen.sty
File: amsgen.sty 1999/11/30 v2.0
\@emptytoks=\toks25
\ex@=\dimen150
))
(C:\CTEX\MiKTeX\tex\latex\ams\math\amsbsy.sty
Package: amsbsy 1999/11/29 v1.2d
\pmbraise@=\dimen151
)
(C:\CTEX\MiKTeX\tex\latex\ams\math\amsopn.sty
Package: amsopn 1999/12/14 v2.01 operator names
)
\inf@bad=\count107
LaTeX Info: Redefining \frac on input line 211.
\uproot@=\count108
\leftroot@=\count109
LaTeX Info: Redefining \overline on input line 307.
\classnum@=\count110
\DOTSCASE@=\count111
LaTeX Info: Redefining \ldots on input line 379.
LaTeX Info: Redefining \dots on input line 382.
LaTeX Info: Redefining \cdots on input line 467.
\Mathstrutbox@=\box35
\strutbox@=\box36
\big@size=\dimen152
LaTeX Font Info:    Redeclaring font encoding OML on input line 567.
LaTeX Font Info:    Redeclaring font encoding OMS on input line 568.
\macc@depth=\count112
\c@MaxMatrixCols=\count113
\dotsspace@=\muskip11
\c@parentequation=\count114
\dspbrk@lvl=\count115
\tag@help=\toks26
\row@=\count116
\column@=\count117
\maxfields@=\count118
\andhelp@=\toks27
\eqnshift@=\dimen153
\alignsep@=\dimen154
\tagshift@=\dimen155
\tagwidth@=\dimen156
\totwidth@=\dimen157
\lineht@=\dimen158
\@envbody=\toks28
\multlinegap=\skip45
\multlinetaggap=\skip46
\mathdisplay@stack=\toks29
LaTeX Info: Redefining \[ on input line 2666.
LaTeX Info: Redefining \] on input line 2667.
)
(C:\CTEX\MiKTeX\tex\generic\pgf\frontendlayer\tikz\libraries\tikzlibraryshapes.
code.tex
File: tikzlibraryshapes.code.tex 2008/01/09 v2.10 (rcs-revision 1.1)

(C:\CTEX\MiKTeX\tex\generic\pgf\frontendlayer\tikz\libraries\tikzlibraryshapes.
geometric.code.tex
File: tikzlibraryshapes.geometric.code.tex 2008/01/09 v2.10 (rcs-revision 1.1)

(C:\CTEX\MiKTeX\tex\generic\pgf\libraries\shapes\pgflibraryshapes.geometric.cod
e.tex
File: pgflibraryshapes.geometric.code.tex 2008/06/26 v2.10 (rcs-revision 1.1)
))
(C:\CTEX\MiKTeX\tex\generic\pgf\frontendlayer\tikz\libraries\tikzlibraryshapes.
misc.code.tex
File: tikzlibraryshapes.misc.code.tex 2008/01/09 v2.10 (rcs-revision 1.1)

(C:\CTEX\MiKTeX\tex\generic\pgf\libraries\shapes\pgflibraryshapes.misc.code.tex
File: pgflibraryshapes.misc.code.tex 2008/10/07 v2.10 (rcs-revision 1.3)
))
(C:\CTEX\MiKTeX\tex\generic\pgf\frontendlayer\tikz\libraries\tikzlibraryshapes.
symbols.code.tex
File: tikzlibraryshapes.symbols.code.tex 2008/01/09 v2.10 (rcs-revision 1.1)

(C:\CTEX\MiKTeX\tex\generic\pgf\libraries\shapes\pgflibraryshapes.symbols.code.
tex
File: pgflibraryshapes.symbols.code.tex 2009/10/27 v2.10 (rcs-revision 1.3)
))
(C:\CTEX\MiKTeX\tex\generic\pgf\frontendlayer\tikz\libraries\tikzlibraryshapes.
arrows.code.tex
File: tikzlibraryshapes.arrows.code.tex 2008/01/09 v2.10 (rcs-revision 1.1)

(C:\CTEX\MiKTeX\tex\generic\pgf\libraries\shapes\pgflibraryshapes.arrows.code.t
ex
File: pgflibraryshapes.arrows.code.tex 2008/06/26 v2.10 (rcs-revision 1.1)
))
(C:\CTEX\MiKTeX\tex\generic\pgf\frontendlayer\tikz\libraries\tikzlibraryshapes.
callouts.code.tex
(C:\CTEX\MiKTeX\tex\generic\pgf\libraries\shapes\pgflibraryshapes.callouts.code
.tex))
(C:\CTEX\MiKTeX\tex\generic\pgf\frontendlayer\tikz\libraries\tikzlibraryshapes.
multipart.code.tex
File: tikzlibraryshapes.multipart.code.tex 2008/01/09 v2.10 (rcs-revision 1.1)

(C:\CTEX\MiKTeX\tex\generic\pgf\libraries\shapes\pgflibraryshapes.multipart.cod
e.tex
File: pgflibraryshapes.multipart.code.tex 2010/01/07 v2.10 (rcs-revision 1.2)
\pgfnodepartlowerbox=\box37
\pgfnodeparttwobox=\box38
\pgfnodepartthreebox=\box39
\pgfnodepartfourbox=\box40
\pgfnodeparttwentybox=\box41
\pgfnodepartnineteenbox=\box42
\pgfnodeparteighteenbox=\box43
\pgfnodepartseventeenbox=\box44
\pgfnodepartsixteenbox=\box45
\pgfnodepartfifteenbox=\box46
\pgfnodepartfourteenbox=\box47
\pgfnodepartthirteenbox=\box48
\pgfnodeparttwelvebox=\box49
\pgfnodepartelevenbox=\box50
\pgfnodeparttenbox=\box51
\pgfnodepartninebox=\box52
\pgfnodeparteightbox=\box53
\pgfnodepartsevenbox=\box54
\pgfnodepartsixbox=\box55
\pgfnodepartfivebox=\box56
)))
(C:\CTEX\MiKTeX\tex\generic\pgf\frontendlayer\tikz\libraries\tikzlibrarypositio
ning.code.tex
File: tikzlibrarypositioning.code.tex 2008/10/06 v2.10 (rcs-revision 1.7)
)
(C:\CTEX\MiKTeX\tex\generic\pgf\frontendlayer\tikz\libraries\tikzlibrarycalc.co
de.tex
File: tikzlibrarycalc.code.tex 2009/09/04 v2.10 (rcs-revision 1.6)
)
(C:\CTEX\MiKTeX\tex\generic\pgf\frontendlayer\tikz\libraries\tikzlibrarychains.
code.tex
File: tikzlibrarychains.code.tex 2008/02/27 v2.10 (rcs-revision 1.5)
) (C:\CTEX\MiKTeX\tex\latex\hyperref\hyperref.sty
Package: hyperref 2012/02/06 v6.82o Hypertext links for LaTeX

(C:\CTEX\MiKTeX\tex\generic\oberdiek\hobsub-hyperref.sty
Package: hobsub-hyperref 2011/04/23 v1.4 Bundle oberdiek, subset hyperref (HO)

(C:\CTEX\MiKTeX\tex\generic\oberdiek\hobsub-generic.sty
Package: hobsub-generic 2011/04/23 v1.4 Bundle oberdiek, subset generic (HO)
Package: hobsub 2011/04/23 v1.4 Subsetting bundle oberdiek (HO)
Package hobsub Info: Skipping package `infwarerr' (already loaded).
Package hobsub Info: Skipping package `ltxcmds' (already loaded).
Package: ifluatex 2010/03/01 v1.3 Provides the ifluatex switch (HO)
Package ifluatex Info: LuaTeX not detected.
Package: ifvtex 2010/03/01 v1.5 Switches for detecting VTeX and its modes (HO)
Package ifvtex Info: VTeX not detected.
Package: intcalc 2007/09/27 v1.1 Expandable integer calculations (HO)
Package: ifpdf 2011/01/30 v2.3 Provides the ifpdf switch (HO)
Package ifpdf Info: pdfTeX in PDF mode is detected.
Package: etexcmds 2011/02/16 v1.5 Prefix for e-TeX command names (HO)
Package etexcmds Info: Could not find \expanded.
(etexcmds)             That can mean that you are not using pdfTeX 1.50 or
(etexcmds)             that some package has redefined \expanded.
(etexcmds)             In the latter case, load this package earlier.
Package: kvsetkeys 2011/04/07 v1.13 Key value parser (HO)
Package: kvdefinekeys 2011/04/07 v1.3 Defining keys (HO)
Package: pdftexcmds 2011/04/22 v0.16 Utilities of pdfTeX for LuaTeX (HO)
Package pdftexcmds Info: LuaTeX not detected.
Package pdftexcmds Info: \pdf@primitive is available.
Package pdftexcmds Info: \pdf@ifprimitive is available.
Package pdftexcmds Info: \pdfdraftmode found.
Package: pdfescape 2011/04/04 v1.12 Provides string conversions (HO)
Package: bigintcalc 2011/01/30 v1.2 Expandable big integer calculations (HO)
Package: bitset 2011/01/30 v1.1 Data type bit set (HO)
Package: uniquecounter 2011/01/30 v1.2 Provides unlimited unique counter (HO)
)
Package hobsub Info: Skipping package `hobsub' (already loaded).
Package: letltxmacro 2010/09/02 v1.4 Let assignment for LaTeX macros (HO)
Package: hopatch 2011/01/30 v1.0 Wrapper for package hooks (HO)
Package: xcolor-patch 2011/01/30 xcolor patch
Package: atveryend 2011/04/23 v1.7 Hooks at very end of document (HO)
Package: atbegshi 2011/01/30 v1.15 At begin shipout hook (HO)
Package: refcount 2010/12/01 v3.2 Data extraction from references (HO)
Package: hycolor 2011/01/30 v1.7 Color options of hyperref/bookmark (HO)
)
(C:\CTEX\MiKTeX\tex\generic\ifxetex\ifxetex.sty
Package: ifxetex 2010/09/12 v0.6 Provides ifxetex conditional
)
(C:\CTEX\MiKTeX\tex\latex\oberdiek\kvoptions.sty
Package: kvoptions 2010/12/23 v3.10 Keyval support for LaTeX options (HO)
)
\@linkdim=\dimen159
\Hy@linkcounter=\count119
\Hy@pagecounter=\count120

(C:\CTEX\MiKTeX\tex\latex\hyperref\pd1enc.def
File: pd1enc.def 2012/02/06 v6.82o Hyperref: PDFDocEncoding definition (HO)
)
\Hy@SavedSpaceFactor=\count121

(C:\CTEX\MiKTeX\tex\latex\00miktex\hyperref.cfg
File: hyperref.cfg 2002/06/06 v1.2 hyperref configuration of TeXLive
)
Package hyperref Info: Hyper figures OFF on input line 4046.
Package hyperref Info: Link nesting OFF on input line 4051.
Package hyperref Info: Hyper index ON on input line 4054.
Package hyperref Info: Plain pages OFF on input line 4061.
Package hyperref Info: Backreferencing OFF on input line 4066.
Package hyperref Info: Implicit mode ON; LaTeX internals redefined.
Package hyperref Info: Bookmarks ON on input line 4284.
\c@Hy@tempcnt=\count122
LaTeX Info: Redefining \url on input line 4637.
\Fld@menulength=\count123
\Field@Width=\dimen160
\Fld@charsize=\dimen161
Package hyperref Info: Hyper figures OFF on input line 5757.
Package hyperref Info: Link nesting OFF on input line 5762.
Package hyperref Info: Hyper index ON on input line 5765.
Package hyperref Info: backreferencing OFF on input line 5772.
Package hyperref Info: Link coloring OFF on input line 5777.
Package hyperref Info: Link coloring with OCG OFF on input line 5782.
Package hyperref Info: PDF/A mode OFF on input line 5787.
LaTeX Info: Redefining \ref on input line 5827.
LaTeX Info: Redefining \pageref on input line 5831.
\Hy@abspage=\count124
\c@Item=\count125
\c@Hfootnote=\count126
)

Package hyperref Message: Driver (autodetected): hpdftex.

(C:\CTEX\MiKTeX\tex\latex\hyperref\hpdftex.def
File: hpdftex.def 2012/02/06 v6.82o Hyperref driver for pdfTeX
\Fld@listcount=\count127
\c@bookmark@seq@number=\count128

(C:\CTEX\MiKTeX\tex\latex\oberdiek\rerunfilecheck.sty
Package: rerunfilecheck 2011/04/15 v1.7 Rerun checks for auxiliary files (HO)
Package uniquecounter Info: New unique counter `rerunfilecheck' on input line 2
82.
)
\Hy@SectionHShift=\skip47
)
(C:\CTEX\MiKTeX\tex\latex\pstricks\pstricks.sty
Package: pstricks 2011/10/31 v0.52 LaTeX wrapper for `PSTricks' (RN,HV)

(C:\CTEX\MiKTeX\tex\generic\pstricks\base\pstricks.tex
(C:\CTEX\MiKTeX\tex\generic\xkeyval\pst-xkey.tex
File: pst-xkey.tex 2005/11/25 v1.6 PSTricks specialization of xkeyval (HA)

(C:\CTEX\MiKTeX\tex\latex\xkeyval\xkeyval.sty
Package: xkeyval 2008/08/13 v2.6a package option processing (HA)

(C:\CTEX\MiKTeX\tex\generic\xkeyval\xkeyval.tex
\XKV@toks=\toks30
\XKV@tempa@toks=\toks31
\XKV@depth=\count129
File: xkeyval.tex 2008/08/13 v2.6a key=value parser (HA)
)))
(C:\CTEX\MiKTeX\tex\generic\pstricks\base\pst-fp.tex
`pst-fp' v0.05, 2010/01/17 (hv)
\pstFP@xs=\count130
\pstFP@xia=\count131
\pstFP@xib=\count132
\pstFP@xfa=\count133
\pstFP@xfb=\count134
\pstFP@rega=\count135
\pstFP@regb=\count136
\pstFP@regs=\count137
\pstFP@times=\count138
)
\psLoopIndex=\count139

`PSTricks' v2.24  <2012/02/09> (tvz)
\pst@dima=\dimen162
\pst@dimb=\dimen163
\pst@dimc=\dimen164
\pst@dimd=\dimen165
\pst@dimg=\dimen166
\pst@dimh=\dimen167
\pst@dimm=\dimen168
\pst@dimn=\dimen169
\pst@dimo=\dimen170
\pst@dimp=\dimen171
\pst@hbox=\box57
\pst@ibox=\box58
\pst@boxg=\box59
\pst@cnta=\count140
\pst@cntb=\count141
\pst@cntc=\count142
\pst@cntd=\count143
\pst@cntg=\count144
\pst@cnth=\count145
\pst@cntm=\count146
\pst@cntn=\count147
\pst@cnto=\count148
\pst@cntp=\count149
\@zero=\count150
\pst@toks=\toks32
(C:\CTEX\MiKTeX\tex\generic\pstricks\base\pstricks.con)
\psunit=\dimen172
\psxunit=\dimen173
\psyunit=\dimen174
\pst@C@@rType=\count151
\pslinewidth=\dimen175
\psk@startLW=\dimen176
\psk@endLW=\dimen177
\pst@customdefs=\toks33
\pslinearc=\dimen178
\pst@symbolStep=\dimen179
\pst@symbolWidth=\dimen180
\everypsbox=\toks34
\psframesep=\dimen181
\pslabelsep=\dimen182
\pst@shift=\dimen183
\theoverlaybox=\box60
)
File: pstricks.tex 2012/02/09 v2.24 `PSTricks' (tvz,hv)

(C:\CTEX\MiKTeX\tex\generic\pstricks\base\pst-fp.tex)
File: pst-fp.tex 2012/02/09 v2.24 `PST-fp' (hv)
)
(C:\CTEX\MiKTeX\tex\latex\pst-node\pst-node.sty
Package: pst-node 2011/06/05 v1.00 LaTeX wrapper for `pst-node' (HV)
Package: pst-node 2010/04/22 package wrapper for pst-node.tex

(C:\CTEX\MiKTeX\tex\generic\pst-node\pst-node.tex  v1.22, 2012/02/12
\psrow=\count152
\pscol=\count153
\psmatrixcnt=\count154
\psrowsep=\skip48
\pscolsep=\skip49
\pst@args=\count155
\num@pts=\count156
\pst@argcnt=\count157
)
File: pst-node.tex 2012/02/12 1.22 `pst-node' (tvz)
)
(C:\CTEX\MiKTeX\tex\latex\pst-tree\pst-tree.sty
Package: pst-tree 2009/01/25 package wrapper for pst-tree.tex

(C:\CTEX\MiKTeX\tex\generic\pst-tree\pst-tree.tex
 v1.12, 2011/02/28(tvz,dg,hv)
\pstree@rootbox=\box61
\pstree@box=\box62
\psnodecnt=\count158
\pstreelevel=\count159
\pstreecnt=\count160
\pstree@cnt=\count161
\pstree@stop=\count162
)
File: pst-tree.tex 2011/02/28 1.12 `pst-tree' (tvz,hv)
)
\nodeLength=\skip50
 (E:\UofW\3A\cs240\assignments\a3\a3.aux)
LaTeX Font Info:    Checking defaults for OML/cmm/m/it on input line 34.
LaTeX Font Info:    ... okay on input line 34.
LaTeX Font Info:    Checking defaults for T1/cmr/m/n on input line 34.
LaTeX Font Info:    ... okay on input line 34.
LaTeX Font Info:    Checking defaults for OT1/cmr/m/n on input line 34.
LaTeX Font Info:    ... okay on input line 34.
LaTeX Font Info:    Checking defaults for OMS/cmsy/m/n on input line 34.
LaTeX Font Info:    ... okay on input line 34.
LaTeX Font Info:    Checking defaults for OMX/cmex/m/n on input line 34.
LaTeX Font Info:    ... okay on input line 34.
LaTeX Font Info:    Checking defaults for U/cmr/m/n on input line 34.
LaTeX Font Info:    ... okay on input line 34.
LaTeX Font Info:    Checking defaults for PD1/pdf/m/n on input line 34.
LaTeX Font Info:    ... okay on input line 34.

(C:\CTEX\MiKTeX\tex\context\base\supp-pdf.mkii
[Loading MPS to PDF converter (version 2006.09.02).]
\scratchcounter=\count163
\scratchdimen=\dimen184
\scratchbox=\box63
\nofMPsegments=\count164
\nofMParguments=\count165
\everyMPshowfont=\toks35
\MPscratchCnt=\count166
\MPscratchDim=\dimen185
\MPnumerator=\count167
\makeMPintoPDFobject=\count168
\everyMPtoPDFconversion=\toks36
) ABD: EveryShipout initializing macros
\AtBeginShipoutBox=\box64
Package hyperref Info: Link coloring OFF on input line 34.

(C:\CTEX\MiKTeX\tex\latex\hyperref\nameref.sty
Package: nameref 2010/04/30 v2.40 Cross-referencing by name of section

(C:\CTEX\MiKTeX\tex\generic\oberdiek\gettitlestring.sty
Package: gettitlestring 2010/12/03 v1.4 Cleanup title references (HO)
)
\c@section@level=\count169
)
LaTeX Info: Redefining \ref on input line 34.
LaTeX Info: Redefining \pageref on input line 34.
LaTeX Info: Redefining \nameref on input line 34.

(E:\UofW\3A\cs240\assignments\a3\a3.out)
(E:\UofW\3A\cs240\assignments\a3\a3.out)
\@outlinefile=\write4
LaTeX Font Info:    Try loading font information for U+msa on input line 64.

(C:\CTEX\MiKTeX\tex\latex\amsfonts\umsa.fd
File: umsa.fd 2009/06/22 v3.00 AMS symbols A
)
LaTeX Font Info:    Try loading font information for U+msb on input line 64.

(C:\CTEX\MiKTeX\tex\latex\amsfonts\umsb.fd
File: umsb.fd 2009/06/22 v3.00 AMS symbols B
)
Underfull \hbox (badness 10000) in paragraph at lines 51--75

 []


Underfull \hbox (badness 10000) in paragraph at lines 51--75

 []


Overfull \hbox (10.96347pt too wide) in paragraph at lines 51--75
\OT1/cmr/m/n/12 Please read []$\OT1/cmtt/m/n/12 http : / / www . student . cs .
 uwaterloo . ca / []cs240 / f20 / guidelines . pdf$[] \OT1/cmr/m/n/12 for guide
-
 []


Underfull \hbox (badness 10000) in paragraph at lines 51--75

 []


Underfull \hbox (badness 10000) in paragraph at lines 51--75

 []


Underfull \hbox (badness 10000) in paragraph at lines 51--75

 []


Underfull \hbox (badness 10000) in paragraph at lines 51--75

 []


Underfull \hbox (badness 10000) in paragraph at lines 82--83

 []

[1
Non-PDF special ignored!
Non-PDF special ignored!
Non-PDF special ignored!
Non-PDF special ignored!
Non-PDF special ignored!


Non-PDF special ignored!
Non-PDF special ignored!
Non-PDF special ignored!{C:/CTEX/UserData/pdftex/config/pdftex.map{Unicode.sfd}
{UGBK.sfd}}] [2]
LaTeX Font Info:    Try loading font information for OMS+cmr on input line 163.

 (C:\CTEX\MiKTeX\tex\latex\base\omscmr.fd
File: omscmr.fd 1999/05/25 v2.5h Standard LaTeX font definitions
)
LaTeX Font Info:    Font shape `OMS/cmr/m/n' in size <12> not available
(Font)              Font shape `OMS/cmsy/m/n' tried instead on input line 163.
 [3]
Missing character: There is no [ in font nullfont!
Missing character: There is no s in font nullfont!
Missing character: There is no t in font nullfont!
Missing character: There is no a in font nullfont!
Missing character: There is no r in font nullfont!
Missing character: There is no t in font nullfont!
Missing character: There is no c in font nullfont!
Missing character: There is no h in font nullfont!
Missing character: There is no a in font nullfont!
Missing character: There is no i in font nullfont!
Missing character: There is no n in font nullfont!
Missing character: There is no ] in font nullfont!
Missing character: There is no [ in font nullfont!
Missing character: There is no s in font nullfont!
Missing character: There is no t in font nullfont!
Missing character: There is no a in font nullfont!
Missing character: There is no r in font nullfont!
Missing character: There is no t in font nullfont!
Missing character: There is no c in font nullfont!
Missing character: There is no h in font nullfont!
Missing character: There is no a in font nullfont!
Missing character: There is no i in font nullfont!
Missing character: There is no n in font nullfont!
Missing character: There is no ] in font nullfont!
Missing character: There is no [ in font nullfont!
Missing character: There is no s in font nullfont!
Missing character: There is no t in font nullfont!
Missing character: There is no a in font nullfont!
Missing character: There is no r in font nullfont!
Missing character: There is no t in font nullfont!
Missing character: There is no c in font nullfont!
Missing character: There is no h in font nullfont!
Missing character: There is no a in font nullfont!
Missing character: There is no i in font nullfont!
Missing character: There is no n in font nullfont!
Missing character: There is no ] in font nullfont!
Missing character: There is no [ in font nullfont!
Missing character: There is no s in font nullfont!
Missing character: There is no t in font nullfont!
Missing character: There is no a in font nullfont!
Missing character: There is no r in font nullfont!
Missing character: There is no t in font nullfont!
Missing character: There is no c in font nullfont!
Missing character: There is no h in font nullfont!
Missing character: There is no a in font nullfont!
Missing character: There is no i in font nullfont!
Missing character: There is no n in font nullfont!
Missing character: There is no ] in font nullfont!
Missing character: There is no [ in font nullfont!
Missing character: There is no s in font nullfont!
Missing character: There is no t in font nullfont!
Missing character: There is no a in font nullfont!
Missing character: There is no r in font nullfont!
Missing character: There is no t in font nullfont!
Missing character: There is no c in font nullfont!
Missing character: There is no h in font nullfont!
Missing character: There is no a in font nullfont!
Missing character: There is no i in font nullfont!
Missing character: There is no n in font nullfont!
Missing character: There is no ] in font nullfont!
Missing character: There is no [ in font nullfont!
Missing character: There is no s in font nullfont!
Missing character: There is no t in font nullfont!
Missing character: There is no a in font nullfont!
Missing character: There is no r in font nullfont!
Missing character: There is no t in font nullfont!
Missing character: There is no c in font nullfont!
Missing character: There is no h in font nullfont!
Missing character: There is no a in font nullfont!
Missing character: There is no i in font nullfont!
Missing character: There is no n in font nullfont!
Missing character: There is no ] in font nullfont!
Missing character: There is no [ in font nullfont!
Missing character: There is no s in font nullfont!
Missing character: There is no t in font nullfont!
Missing character: There is no a in font nullfont!
Missing character: There is no r in font nullfont!
Missing character: There is no t in font nullfont!
Missing character: There is no c in font nullfont!
Missing character: There is no h in font nullfont!
Missing character: There is no a in font nullfont!
Missing character: There is no i in font nullfont!
Missing character: There is no n in font nullfont!
Missing character: There is no ] in font nullfont!
Missing character: There is no [ in font nullfont!
Missing character: There is no s in font nullfont!
Missing character: There is no t in font nullfont!
Missing character: There is no a in font nullfont!
Missing character: There is no r in font nullfont!
Missing character: There is no t in font nullfont!
Missing character: There is no c in font nullfont!
Missing character: There is no h in font nullfont!
Missing character: There is no a in font nullfont!
Missing character: There is no i in font nullfont!
Missing character: There is no n in font nullfont!
Missing character: There is no ] in font nullfont!
Missing character: There is no [ in font nullfont!
Missing character: There is no s in font nullfont!
Missing character: There is no t in font nullfont!
Missing character: There is no a in font nullfont!
Missing character: There is no r in font nullfont!
Missing character: There is no t in font nullfont!
Missing character: There is no c in font nullfont!
Missing character: There is no h in font nullfont!
Missing character: There is no a in font nullfont!
Missing character: There is no i in font nullfont!
Missing character: There is no n in font nullfont!
Missing character: There is no ] in font nullfont!
Missing character: There is no [ in font nullfont!
Missing character: There is no s in font nullfont!
Missing character: There is no t in font nullfont!
Missing character: There is no a in font nullfont!
Missing character: There is no r in font nullfont!
Missing character: There is no t in font nullfont!
Missing character: There is no c in font nullfont!
Missing character: There is no h in font nullfont!
Missing character: There is no a in font nullfont!
Missing character: There is no i in font nullfont!
Missing character: There is no n in font nullfont!
Missing character: There is no ] in font nullfont!
Missing character: There is no [ in font nullfont!
Missing character: There is no s in font nullfont!
Missing character: There is no t in font nullfont!
Missing character: There is no a in font nullfont!
Missing character: There is no r in font nullfont!
Missing character: There is no t in font nullfont!
Missing character: There is no c in font nullfont!
Missing character: There is no h in font nullfont!
Missing character: There is no a in font nullfont!
Missing character: There is no i in font nullfont!
Missing character: There is no n in font nullfont!
Missing character: There is no ] in font nullfont!
Missing character: There is no [ in font nullfont!
Missing character: There is no s in font nullfont!
Missing character: There is no t in font nullfont!
Missing character: There is no a in font nullfont!
Missing character: There is no r in font nullfont!
Missing character: There is no t in font nullfont!
Missing character: There is no c in font nullfont!
Missing character: There is no h in font nullfont!
Missing character: There is no a in font nullfont!
Missing character: There is no i in font nullfont!
Missing character: There is no n in font nullfont!
Missing character: There is no ] in font nullfont!
Missing character: There is no [ in font nullfont!
Missing character: There is no s in font nullfont!
Missing character: There is no t in font nullfont!
Missing character: There is no a in font nullfont!
Missing character: There is no r in font nullfont!
Missing character: There is no t in font nullfont!
Missing character: There is no c in font nullfont!
Missing character: There is no h in font nullfont!
Missing character: There is no a in font nullfont!
Missing character: There is no i in font nullfont!
Missing character: There is no n in font nullfont!
Missing character: There is no ] in font nullfont!
 [4]
Package atveryend Info: Empty hook `BeforeClearDocument' on input line 368.
 [5]
Package atveryend Info: Empty hook `AfterLastShipout' on input line 368.

(E:\UofW\3A\cs240\assignments\a3\a3.aux)
Package atveryend Info: Executing hook `AtVeryEndDocument' on input line 368.
Package atveryend Info: Executing hook `AtEndAfterFileList' on input line 368.
Package rerunfilecheck Info: File `a3.out' has not changed.
(rerunfilecheck)             Checksum: A56996A09EE60B1F6F79D72FAEAE78DF;351.
 ) 
Here is how much of TeX's memory you used:
 18842 strings out of 495354
 341195 string characters out of 3183859
 491032 words of memory out of 3000000
 21656 multiletter control sequences out of 15000+200000
 11867 words of font info for 45 fonts, out of 3000000 for 9000
 14 hyphenation exceptions out of 8191
 56i,14n,61p,561b,1450s stack positions out of 5000i,500n,10000p,200000b,50000s
<C:/CTEX/MiKTeX/fonts/type1/public/amsfonts/cm/cmbx12.pfb><C:/CTEX/MiKTeX/fon
ts/type1/public/amsfonts/cm/cmex10.pfb><C:/CTEX/MiKTeX/fonts/type1/public/amsfo
nts/cm/cmmi10.pfb><C:/CTEX/MiKTeX/fonts/type1/public/amsfonts/cm/cmmi12.pfb><C:
/CTEX/MiKTeX/fonts/type1/public/amsfonts/cm/cmmi8.pfb><C:/CTEX/MiKTeX/fonts/typ
e1/public/amsfonts/cm/cmr10.pfb><C:/CTEX/MiKTeX/fonts/type1/public/amsfonts/cm/
cmr12.pfb><C:/CTEX/MiKTeX/fonts/type1/public/amsfonts/cm/cmr8.pfb><C:/CTEX/MiKT
eX/fonts/type1/public/amsfonts/cm/cmsy10.pfb><C:/CTEX/MiKTeX/fonts/type1/public
/amsfonts/cm/cmti12.pfb><C:/CTEX/MiKTeX/fonts/type1/public/amsfonts/cm/cmtt12.p
fb>
Output written on a3.pdf (5 pages, 143970 bytes).
PDF statistics:
 102 PDF objects out of 1000 (max. 8388607)
 12 named destinations out of 1000 (max. 500000)
 61 words of extra memory for PDF output out of 10000 (max. 10000000)

